<?xml version="1.0" encoding="UTF-8"?>
<!-- Generated by org.testng.reporters.JUnitXMLReporter -->
<testsuite ignored="0" hostname="DESKTOP-VP7NJAU" failures="1" tests="2" name="Test" time="0.079" errors="0" timestamp="2024-01-31T23:41:46 IST">
  <testcase classname="TestComponent.LoginTest" name="loginTc01" time="0.015">
    <failure type="java.lang.NullPointerException" message="Cannot invoke &amp;quot;org.openqa.selenium.SearchContext.findElement(org.openqa.selenium.By)&amp;quot; because &amp;quot;this.searchContext&amp;quot; is null">
      <![CDATA[java.lang.NullPointerException: Cannot invoke "org.openqa.selenium.SearchContext.findElement(org.openqa.selenium.By)" because "this.searchContext" is null
at org.openqa.selenium.support.pagefactory.DefaultElementLocator.findElement(DefaultElementLocator.java:68)
at org.openqa.selenium.support.pagefactory.internal.LocatingElementHandler.invoke(LocatingElementHandler.java:38)
at jdk.proxy2/jdk.proxy2.$Proxy7.click(Unknown Source)
at Utility.webutili.buttonclick(webutili.java:21)
at PageComponent.LoginPage.loginfun(LoginPage.java:47)
at TestComponent.LoginTest.loginTc01(LoginTest.java:17)
at java.base/java.util.ArrayList.forEach(ArrayList.java:1596)
... Removed 25 stack frames]]>
    </failure>
  </testcase> <!-- loginTc01 -->
  <testcase classname="TestComponent.LoginTest" name="loginTc02" time="0.004"/>
</testsuite> <!-- Test -->
